<?xml version="1.0" encoding="UTF-8"?>
<testng-results ignored="0" total="1" passed="1" failed="0" skipped="0">
  <reporter-output>
  </reporter-output>
  <suite started-at="2024-12-19T13:40:21Z" name="Suite" finished-at="2024-12-19T13:40:26Z" duration-ms="4248">
    <groups>
    </groups>
    <test started-at="2024-12-19T13:40:21Z" name="Test" finished-at="2024-12-19T13:40:26Z" duration-ms="4248">
      <class name="org.samplelaunch.FacebookLaunch">
        <test-method signature="launch()[pri:0, instance:org.samplelaunch.FacebookLaunch@41ab013]" started-at="2024-12-19T13:40:21Z" name="launch" finished-at="2024-12-19T13:40:26Z" duration-ms="4226" status="PASS">
          <reporter-output>
          </reporter-output>
        </test-method> <!-- launch -->
      </class> <!-- org.samplelaunch.FacebookLaunch -->
    </test> <!-- Test -->
  </suite> <!-- Suite -->
</testng-results>
